mode: set
github.com/aerospike/tools-common-go/config/conf.go:32.31,33.14 1 1
github.com/aerospike/tools-common-go/config/conf.go:33.14,35.3 1 1
github.com/aerospike/tools-common-go/config/conf.go:37.2,38.16 2 1
github.com/aerospike/tools-common-go/config/conf.go:38.16,40.3 1 1
github.com/aerospike/tools-common-go/config/conf.go:42.2,43.12 2 1
github.com/aerospike/tools-common-go/config/conf.go:48.28,50.2 1 0
github.com/aerospike/tools-common-go/config/conf.go:53.54,55.16 2 1
github.com/aerospike/tools-common-go/config/conf.go:55.16,57.3 1 1
github.com/aerospike/tools-common-go/config/conf.go:59.2,59.20 1 1
github.com/aerospike/tools-common-go/config/conf.go:63.54,65.16 2 1
github.com/aerospike/tools-common-go/config/conf.go:65.16,67.3 1 1
github.com/aerospike/tools-common-go/config/conf.go:69.2,70.16 2 1
github.com/aerospike/tools-common-go/config/conf.go:70.16,72.3 1 0
github.com/aerospike/tools-common-go/config/conf.go:74.2,78.16 4 1
github.com/aerospike/tools-common-go/config/conf.go:78.16,80.3 1 0
github.com/aerospike/tools-common-go/config/conf.go:82.2,82.26 1 1
github.com/aerospike/tools-common-go/config/conf.go:82.26,84.44 2 1
github.com/aerospike/tools-common-go/config/conf.go:84.44,86.4 1 1
github.com/aerospike/tools-common-go/config/conf.go:87.3,87.15 1 1
github.com/aerospike/tools-common-go/config/conf.go:90.2,90.12 1 1
github.com/aerospike/tools-common-go/config/conf.go:94.49,100.2 2 1
github.com/aerospike/tools-common-go/config/get.go:12.56,14.16 2 1
github.com/aerospike/tools-common-go/config/get.go:14.16,16.3 1 1
github.com/aerospike/tools-common-go/config/get.go:18.2,18.21 1 1
github.com/aerospike/tools-common-go/config/get.go:28.57,30.2 1 1
github.com/aerospike/tools-common-go/config/load.go:36.42,40.35 3 1
github.com/aerospike/tools-common-go/config/load.go:40.35,42.17 2 1
github.com/aerospike/tools-common-go/config/load.go:42.17,43.9 1 1
github.com/aerospike/tools-common-go/config/load.go:46.2,46.16 1 1
github.com/aerospike/tools-common-go/config/load.go:46.16,48.3 1 1
github.com/aerospike/tools-common-go/config/load.go:50.2,50.47 1 1
github.com/aerospike/tools-common-go/config/load.go:50.47,52.17 2 1
github.com/aerospike/tools-common-go/config/load.go:52.17,53.9 1 1
github.com/aerospike/tools-common-go/config/load.go:56.2,56.16 1 1
github.com/aerospike/tools-common-go/config/load.go:56.16,58.3 1 0
github.com/aerospike/tools-common-go/config/load.go:60.2,60.12 1 1
github.com/aerospike/tools-common-go/config/load.go:65.64,85.2 3 1
github.com/aerospike/tools-common-go/config/marshal.go:12.70,14.16 2 1
github.com/aerospike/tools-common-go/config/marshal.go:14.16,16.3 1 1
github.com/aerospike/tools-common-go/config/marshal.go:18.2,18.12 1 1
github.com/aerospike/tools-common-go/config/marshal.go:25.70,27.16 2 1
github.com/aerospike/tools-common-go/config/marshal.go:27.16,29.3 1 0
github.com/aerospike/tools-common-go/config/marshal.go:31.2,31.12 1 1
github.com/aerospike/tools-common-go/config/tools.go:38.59,40.16 2 1
github.com/aerospike/tools-common-go/config/tools.go:40.16,42.3 1 0
github.com/aerospike/tools-common-go/config/tools.go:44.2,44.20 1 1
github.com/aerospike/tools-common-go/config/tools.go:49.59,51.16 2 1
github.com/aerospike/tools-common-go/config/tools.go:51.16,53.3 1 0
github.com/aerospike/tools-common-go/config/tools.go:55.2,55.40 1 1
github.com/aerospike/tools-common-go/config/tools.go:61.36,62.21 1 1
github.com/aerospike/tools-common-go/config/tools.go:62.21,64.3 1 0
github.com/aerospike/tools-common-go/config/tools.go:66.2,67.16 2 1
github.com/aerospike/tools-common-go/config/tools.go:67.16,69.3 1 1
github.com/aerospike/tools-common-go/config/tools.go:71.2,74.12 3 1
github.com/aerospike/tools-common-go/config/tools.go:79.61,80.23 1 1
github.com/aerospike/tools-common-go/config/tools.go:80.23,82.3 1 1
github.com/aerospike/tools-common-go/config/tools.go:84.2,86.27 2 1
github.com/aerospike/tools-common-go/config/tools.go:86.27,87.47 1 1
github.com/aerospike/tools-common-go/config/tools.go:87.47,89.4 1 1
github.com/aerospike/tools-common-go/config/tools.go:92.2,92.27 1 1
github.com/aerospike/tools-common-go/config/tools.go:92.27,93.46 1 1
github.com/aerospike/tools-common-go/config/tools.go:93.46,97.4 3 1
github.com/aerospike/tools-common-go/config/tools.go:103.60,104.24 1 1
github.com/aerospike/tools-common-go/config/tools.go:104.24,106.3 1 1
github.com/aerospike/tools-common-go/config/tools.go:108.2,109.29 2 1
github.com/aerospike/tools-common-go/config/tools.go:109.29,111.3 1 1
github.com/aerospike/tools-common-go/config/tools.go:113.2,113.27 1 1
github.com/aerospike/tools-common-go/config/tools.go:113.27,114.34 1 1
github.com/aerospike/tools-common-go/config/tools.go:114.34,116.4 1 1
github.com/aerospike/tools-common-go/config/tools.go:124.79,126.16 2 1
github.com/aerospike/tools-common-go/config/tools.go:126.16,128.3 1 0
github.com/aerospike/tools-common-go/config/tools.go:132.2,132.24 1 1
github.com/aerospike/tools-common-go/config/tools.go:132.24,134.3 1 1
github.com/aerospike/tools-common-go/config/tools.go:139.2,139.24 1 1
github.com/aerospike/tools-common-go/config/tools.go:139.24,140.22 1 1
github.com/aerospike/tools-common-go/config/tools.go:140.22,142.4 1 1
github.com/aerospike/tools-common-go/config/tools.go:145.2,146.35 2 1
github.com/aerospike/tools-common-go/config/tools.go:146.35,147.32 1 1
github.com/aerospike/tools-common-go/config/tools.go:147.32,148.25 1 1
github.com/aerospike/tools-common-go/config/tools.go:149.24,150.29 1 1
github.com/aerospike/tools-common-go/config/tools.go:150.29,152.6 1 1
github.com/aerospike/tools-common-go/config/tools.go:153.12,154.13 1 0
github.com/aerospike/tools-common-go/config/tools.go:159.2,159.37 1 1
github.com/aerospike/tools-common-go/config/tools.go:159.37,161.10 2 1
github.com/aerospike/tools-common-go/config/tools.go:161.10,163.4 1 1
github.com/aerospike/tools-common-go/config/tools.go:165.3,166.18 2 1
github.com/aerospike/tools-common-go/config/tools.go:166.18,169.4 2 0
github.com/aerospike/tools-common-go/config/tools.go:172.2,172.12 1 1
github.com/aerospike/tools-common-go/config/tools.go:179.98,187.2 2 0
github.com/aerospike/tools-common-go/flags/authmode.go:20.49,22.37 2 1
github.com/aerospike/tools-common-go/flags/authmode.go:22.37,25.3 2 1
github.com/aerospike/tools-common-go/flags/authmode.go:27.2,27.45 1 0
github.com/aerospike/tools-common-go/flags/authmode.go:30.41,32.2 1 1
github.com/aerospike/tools-common-go/flags/authmode.go:34.43,35.32 1 1
github.com/aerospike/tools-common-go/flags/authmode.go:35.32,36.31 1 1
github.com/aerospike/tools-common-go/flags/authmode.go:36.31,38.4 1 1
github.com/aerospike/tools-common-go/flags/authmode.go:41.2,41.11 1 0
github.com/aerospike/tools-common-go/flags/cert.go:16.45,19.16 2 1
github.com/aerospike/tools-common-go/flags/cert.go:19.16,21.3 1 1
github.com/aerospike/tools-common-go/flags/cert.go:23.2,23.18 1 1
github.com/aerospike/tools-common-go/flags/cert.go:23.18,26.17 2 1
github.com/aerospike/tools-common-go/flags/cert.go:26.17,28.4 1 1
github.com/aerospike/tools-common-go/flags/cert.go:30.3,30.31 1 1
github.com/aerospike/tools-common-go/flags/cert.go:33.2,34.12 2 1
github.com/aerospike/tools-common-go/flags/cert.go:37.37,39.2 1 0
github.com/aerospike/tools-common-go/flags/cert.go:41.39,43.2 1 0
github.com/aerospike/tools-common-go/flags/cert.go:51.50,54.16 2 1
github.com/aerospike/tools-common-go/flags/cert.go:54.16,56.3 1 1
github.com/aerospike/tools-common-go/flags/cert.go:58.2,59.12 2 1
github.com/aerospike/tools-common-go/flags/cert.go:62.42,64.2 1 0
github.com/aerospike/tools-common-go/flags/cert.go:66.44,67.22 1 0
github.com/aerospike/tools-common-go/flags/cert.go:67.22,69.3 1 0
github.com/aerospike/tools-common-go/flags/cert.go:70.2,72.35 2 0
github.com/aerospike/tools-common-go/flags/cert.go:72.35,74.3 1 0
github.com/aerospike/tools-common-go/flags/cert.go:76.2,76.48 1 0
github.com/aerospike/tools-common-go/flags/flags.go:27.51,31.2 1 0
github.com/aerospike/tools-common-go/flags/flags.go:52.49,58.2 1 0
github.com/aerospike/tools-common-go/flags/flags.go:62.49,66.29 3 0
github.com/aerospike/tools-common-go/flags/flags.go:66.29,67.36 1 0
github.com/aerospike/tools-common-go/flags/flags.go:67.36,68.14 1 0
github.com/aerospike/tools-common-go/flags/flags.go:68.14,70.5 1 0
github.com/aerospike/tools-common-go/flags/flags.go:71.4,73.12 3 0
github.com/aerospike/tools-common-go/flags/flags.go:76.3,76.29 1 0
github.com/aerospike/tools-common-go/flags/flags.go:79.2,79.34 1 0
github.com/aerospike/tools-common-go/flags/flags.go:82.40,84.2 1 0
github.com/aerospike/tools-common-go/flags/flags.go:88.78,94.21 5 1
github.com/aerospike/tools-common-go/flags/flags.go:94.21,103.36 7 1
github.com/aerospike/tools-common-go/flags/flags.go:103.36,105.4 1 1
github.com/aerospike/tools-common-go/flags/flags.go:107.3,107.78 1 1
github.com/aerospike/tools-common-go/flags/flags.go:110.2,110.43 1 1
github.com/aerospike/tools-common-go/flags/flags.go:110.43,111.21 1 1
github.com/aerospike/tools-common-go/flags/flags.go:111.21,113.4 1 1
github.com/aerospike/tools-common-go/flags/flags.go:115.3,115.48 1 1
github.com/aerospike/tools-common-go/flags/flags.go:115.48,117.4 1 1
github.com/aerospike/tools-common-go/flags/flags.go:124.59,142.2 15 0
github.com/aerospike/tools-common-go/flags/host.go:25.42,28.24 2 0
github.com/aerospike/tools-common-go/flags/host.go:28.24,30.3 1 0
github.com/aerospike/tools-common-go/flags/host.go:32.2,32.20 1 0
github.com/aerospike/tools-common-go/flags/host.go:32.20,34.3 1 0
github.com/aerospike/tools-common-go/flags/host.go:36.2,36.12 1 0
github.com/aerospike/tools-common-go/flags/host.go:39.43,45.2 1 1
github.com/aerospike/tools-common-go/flags/host.go:49.48,52.30 2 0
github.com/aerospike/tools-common-go/flags/host.go:52.30,54.3 1 0
github.com/aerospike/tools-common-go/flags/host.go:56.2,56.20 1 0
github.com/aerospike/tools-common-go/flags/host.go:56.20,58.3 1 0
github.com/aerospike/tools-common-go/flags/host.go:60.2,62.12 2 0
github.com/aerospike/tools-common-go/flags/host.go:73.53,81.2 1 1
github.com/aerospike/tools-common-go/flags/host.go:83.55,109.35 13 1
github.com/aerospike/tools-common-go/flags/host.go:109.35,112.59 3 1
github.com/aerospike/tools-common-go/flags/host.go:112.59,113.35 1 1
github.com/aerospike/tools-common-go/flags/host.go:113.35,117.12 3 1
github.com/aerospike/tools-common-go/flags/host.go:118.25,119.23 1 1
github.com/aerospike/tools-common-go/flags/host.go:120.28,121.26 1 1
github.com/aerospike/tools-common-go/flags/host.go:122.25,126.20 3 1
github.com/aerospike/tools-common-go/flags/host.go:126.20,128.7 1 1
github.com/aerospike/tools-common-go/flags/host.go:131.5,131.19 1 1
github.com/aerospike/tools-common-go/flags/host.go:131.19,133.6 1 0
github.com/aerospike/tools-common-go/flags/host.go:135.4,135.20 1 1
github.com/aerospike/tools-common-go/flags/host.go:139.2,139.64 1 0
github.com/aerospike/tools-common-go/flags/host.go:143.61,146.16 2 1
github.com/aerospike/tools-common-go/flags/host.go:146.16,148.3 1 0
github.com/aerospike/tools-common-go/flags/host.go:150.2,151.12 2 1
github.com/aerospike/tools-common-go/flags/host.go:155.65,158.27 2 1
github.com/aerospike/tools-common-go/flags/host.go:158.27,159.43 1 1
github.com/aerospike/tools-common-go/flags/host.go:159.43,161.4 1 0
github.com/aerospike/tools-common-go/flags/host.go:164.2,164.12 1 1
github.com/aerospike/tools-common-go/flags/host.go:168.56,171.35 2 0
github.com/aerospike/tools-common-go/flags/host.go:171.35,173.3 1 0
github.com/aerospike/tools-common-go/flags/host.go:175.2,175.13 1 0
github.com/aerospike/tools-common-go/flags/host.go:178.66,181.20 2 1
github.com/aerospike/tools-common-go/flags/host.go:181.20,184.3 2 1
github.com/aerospike/tools-common-go/flags/host.go:186.2,186.27 1 0
github.com/aerospike/tools-common-go/flags/host.go:186.27,187.43 1 0
github.com/aerospike/tools-common-go/flags/host.go:187.43,189.4 1 0
github.com/aerospike/tools-common-go/flags/host.go:192.2,192.12 1 0
github.com/aerospike/tools-common-go/flags/host.go:195.50,197.2 1 0
github.com/aerospike/tools-common-go/flags/host.go:199.52,200.20 1 0
github.com/aerospike/tools-common-go/flags/host.go:200.20,203.3 1 0
github.com/aerospike/tools-common-go/flags/host.go:205.2,205.29 1 0
github.com/aerospike/tools-common-go/flags/parse.go:23.40,25.18 2 1
github.com/aerospike/tools-common-go/flags/parse.go:25.18,27.3 1 1
github.com/aerospike/tools-common-go/flags/parse.go:29.2,29.20 1 1
github.com/aerospike/tools-common-go/flags/parse.go:32.43,34.2 1 1
github.com/aerospike/tools-common-go/flags/parse.go:36.41,39.33 2 1
github.com/aerospike/tools-common-go/flags/parse.go:39.33,41.3 1 1
github.com/aerospike/tools-common-go/flags/parse.go:43.2,43.33 1 1
github.com/aerospike/tools-common-go/flags/parse.go:46.68,50.20 3 1
github.com/aerospike/tools-common-go/flags/parse.go:50.20,52.3 1 1
github.com/aerospike/tools-common-go/flags/parse.go:54.2,55.54 2 1
github.com/aerospike/tools-common-go/flags/parse.go:55.54,57.3 1 1
github.com/aerospike/tools-common-go/flags/parse.go:57.8,57.68 1 1
github.com/aerospike/tools-common-go/flags/parse.go:57.68,59.17 2 1
github.com/aerospike/tools-common-go/flags/parse.go:59.17,61.4 1 1
github.com/aerospike/tools-common-go/flags/parse.go:63.3,63.28 1 1
github.com/aerospike/tools-common-go/flags/parse.go:64.8,64.61 1 1
github.com/aerospike/tools-common-go/flags/parse.go:64.61,66.3 1 1
github.com/aerospike/tools-common-go/flags/parse.go:66.8,66.63 1 1
github.com/aerospike/tools-common-go/flags/parse.go:66.63,68.3 1 1
github.com/aerospike/tools-common-go/flags/parse.go:68.8,70.3 1 1
github.com/aerospike/tools-common-go/flags/password.go:10.49,13.16 2 1
github.com/aerospike/tools-common-go/flags/password.go:13.16,15.3 1 1
github.com/aerospike/tools-common-go/flags/password.go:17.2,17.32 1 1
github.com/aerospike/tools-common-go/flags/password.go:17.32,19.3 1 1
github.com/aerospike/tools-common-go/flags/password.go:21.2,22.12 2 1
github.com/aerospike/tools-common-go/flags/password.go:25.41,27.2 1 0
github.com/aerospike/tools-common-go/flags/password.go:29.43,31.2 1 0
github.com/aerospike/tools-common-go/flags/tlsprotocol.go:16.38,17.11 1 0
github.com/aerospike/tools-common-go/flags/tlsprotocol.go:18.24,19.17 1 0
github.com/aerospike/tools-common-go/flags/tlsprotocol.go:20.24,21.19 1 0
github.com/aerospike/tools-common-go/flags/tlsprotocol.go:22.24,23.19 1 0
github.com/aerospike/tools-common-go/flags/tlsprotocol.go:26.2,26.11 1 0
github.com/aerospike/tools-common-go/flags/tlsprotocol.go:38.52,43.2 1 1
github.com/aerospike/tools-common-go/flags/tlsprotocol.go:45.53,46.15 1 1
github.com/aerospike/tools-common-go/flags/tlsprotocol.go:46.15,49.3 2 1
github.com/aerospike/tools-common-go/flags/tlsprotocol.go:55.2,67.29 8 1
github.com/aerospike/tools-common-go/flags/tlsprotocol.go:67.29,71.37 3 1
github.com/aerospike/tools-common-go/flags/tlsprotocol.go:71.37,74.4 2 1
github.com/aerospike/tools-common-go/flags/tlsprotocol.go:76.3,76.14 1 1
github.com/aerospike/tools-common-go/flags/tlsprotocol.go:77.16,78.55 1 0
github.com/aerospike/tools-common-go/flags/tlsprotocol.go:79.16,80.44 1 0
github.com/aerospike/tools-common-go/flags/tlsprotocol.go:81.16,82.20 1 1
github.com/aerospike/tools-common-go/flags/tlsprotocol.go:83.18,84.22 1 1
github.com/aerospike/tools-common-go/flags/tlsprotocol.go:85.18,86.22 1 1
github.com/aerospike/tools-common-go/flags/tlsprotocol.go:87.14,88.21 1 1
github.com/aerospike/tools-common-go/flags/tlsprotocol.go:89.11,90.57 1 0
github.com/aerospike/tools-common-go/flags/tlsprotocol.go:93.3,93.18 1 1
github.com/aerospike/tools-common-go/flags/tlsprotocol.go:93.18,95.4 1 1
github.com/aerospike/tools-common-go/flags/tlsprotocol.go:95.9,95.25 1 1
github.com/aerospike/tools-common-go/flags/tlsprotocol.go:95.25,97.4 1 1
github.com/aerospike/tools-common-go/flags/tlsprotocol.go:97.9,98.22 1 1
github.com/aerospike/tools-common-go/flags/tlsprotocol.go:98.22,100.5 1 0
github.com/aerospike/tools-common-go/flags/tlsprotocol.go:101.4,101.23 1 1
github.com/aerospike/tools-common-go/flags/tlsprotocol.go:105.2,105.25 1 1
github.com/aerospike/tools-common-go/flags/tlsprotocol.go:105.25,109.3 3 1
github.com/aerospike/tools-common-go/flags/tlsprotocol.go:111.2,111.56 1 1
github.com/aerospike/tools-common-go/flags/tlsprotocol.go:111.56,114.3 1 1
github.com/aerospike/tools-common-go/flags/tlsprotocol.go:116.2,116.34 1 1
github.com/aerospike/tools-common-go/flags/tlsprotocol.go:116.34,117.28 1 1
github.com/aerospike/tools-common-go/flags/tlsprotocol.go:117.28,119.9 2 1
github.com/aerospike/tools-common-go/flags/tlsprotocol.go:123.2,123.42 1 1
github.com/aerospike/tools-common-go/flags/tlsprotocol.go:123.42,125.54 2 1
github.com/aerospike/tools-common-go/flags/tlsprotocol.go:125.54,127.9 2 1
github.com/aerospike/tools-common-go/flags/tlsprotocol.go:131.2,131.12 1 1
github.com/aerospike/tools-common-go/flags/tlsprotocol.go:134.45,136.2 1 0
github.com/aerospike/tools-common-go/flags/tlsprotocol.go:138.47,139.26 1 0
github.com/aerospike/tools-common-go/flags/tlsprotocol.go:139.26,141.3 1 0
github.com/aerospike/tools-common-go/flags/tlsprotocol.go:143.2,143.66 1 0
github.com/aerospike/tools-common-go/flags/tlsprotocol.go:143.66,145.3 1 0
github.com/aerospike/tools-common-go/flags/tlsprotocol.go:147.2,147.52 1 0
github.com/aerospike/tools-common-go/flags/utils.go:11.46,14.16 2 1
github.com/aerospike/tools-common-go/flags/utils.go:14.16,16.3 1 1
github.com/aerospike/tools-common-go/flags/utils.go:19.2,19.37 1 1
github.com/aerospike/tools-common-go/flags/utils.go:19.37,21.3 1 0
github.com/aerospike/tools-common-go/flags/utils.go:23.2,23.29 1 1
github.com/aerospike/tools-common-go/flags/utils.go:28.80,31.16 3 1
github.com/aerospike/tools-common-go/flags/utils.go:31.16,33.3 1 1
github.com/aerospike/tools-common-go/flags/utils.go:35.2,35.27 1 1
github.com/aerospike/tools-common-go/flags/utils.go:35.27,37.3 1 1
github.com/aerospike/tools-common-go/flags/utils.go:39.2,39.18 1 1
github.com/aerospike/tools-common-go/flags/utils.go:43.82,47.16 3 1
github.com/aerospike/tools-common-go/flags/utils.go:47.16,49.3 1 1
github.com/aerospike/tools-common-go/flags/utils.go:51.2,53.35 2 1
github.com/aerospike/tools-common-go/flags/utils.go:53.35,56.17 2 1
github.com/aerospike/tools-common-go/flags/utils.go:56.17,58.4 1 0
github.com/aerospike/tools-common-go/flags/utils.go:60.3,60.19 1 1
github.com/aerospike/tools-common-go/flags/utils.go:63.2,63.20 1 1
